2019-01-03T14:38:08+08:00 [dq] [I] [app.go:138] dq starting up
2019-01-03T14:38:08+08:00 [dq] [I] [app.go:140] runtime.GOOS:windows
2019-01-03T14:38:08+08:00 [dq] [I] [app.go:142] ---models:4
2019-01-03T14:38:08+08:00 [dq] [I] [app.go:151] new model :Gate
2019-01-03T14:38:08+08:00 [dq] [I] [gate.go:110] KCPAddr::1118
2019-01-03T14:38:08+08:00 [dq] [I] [tcp_server.go:80] ------Listen:127.0.0.1:12345
2019-01-03T14:38:08+08:00 [dq] [I] [kcp_server.go:77] ------Listen::1118
2019-01-03T14:38:08+08:00 [dq] [I] [app.go:151] new model :Hall
2019-01-03T14:38:08+08:00 [dq] [I] [app.go:151] new model :Login
2019-01-03T14:38:08+08:00 [dq] [I] [app.go:151] new model :GameScene1
2019-01-03T14:38:08+08:00 [dq] [D] [tcp_client.go:42] invalid ConnNum, reset to 1
2019-01-03T14:38:08+08:00 [dq] [D] [tcp_client.go:46] invalid ConnectInterval, reset to 3s
2019-01-03T14:38:08+08:00 [dq] [D] [tcp_client.go:50] invalid PendingWriteNum, reset to 200
2019-01-03T14:38:08+08:00 [dq] [D] [tcp_client.go:42] invalid ConnNum, reset to 1
2019-01-03T14:38:08+08:00 [dq] [D] [tcp_client.go:46] invalid ConnectInterval, reset to 3s
2019-01-03T14:38:08+08:00 [dq] [D] [tcp_client.go:50] invalid PendingWriteNum, reset to 200
2019-01-03T14:38:08+08:00 [dq] [D] [tcp_client.go:42] invalid ConnNum, reset to 1
2019-01-03T14:38:08+08:00 [dq] [D] [tcp_client.go:46] invalid ConnectInterval, reset to 3s
2019-01-03T14:38:08+08:00 [dq] [D] [tcp_client.go:50] invalid PendingWriteNum, reset to 200
2019-01-03T14:38:08+08:00 [dq] [I] [serverAgent.go:56] --register modetype:GameScene1
2019-01-03T14:38:08+08:00 [dq] [I] [serverAgent.go:56] --register modetype:Hall
2019-01-03T14:38:08+08:00 [dq] [I] [serverAgent.go:56] --register modetype:Login
2019-01-03T14:38:14+08:00 [dq] [I] [agent.go:56] --heart
2019-01-03T14:38:17+08:00 [dq] [I] [agent.go:56] --heart
2019-01-03T14:38:20+08:00 [dq] [I] [agent.go:56] --heart
2019-01-03T14:38:20+08:00 [dq] [I] [loginAgent.go:49] ---------DoQuickLoginData
2019-01-03T14:38:20+08:00 [dq] [I] [loginAgent.go:61] ---------user login:2--name:
2019-01-03T14:38:20+08:00 [dq] [I] [serverAgent.go:88] --login--:2
2019-01-03T14:38:23+08:00 [dq] [I] [agent.go:56] --heart
2019-01-03T14:38:26+08:00 [dq] [I] [agent.go:56] --heart
2019-01-03T14:38:29+08:00 [dq] [I] [agent.go:56] --heart
2019-01-03T14:38:32+08:00 [dq] [I] [agent.go:56] --heart
2019-01-03T14:38:35+08:00 [dq] [I] [agent.go:56] --heart
2019-01-03T14:38:38+08:00 [dq] [I] [agent.go:56] --heart
2019-01-03T14:38:41+08:00 [dq] [I] [agent.go:56] --heart
2019-01-03T14:38:44+08:00 [dq] [I] [agent.go:56] --heart
2019-01-03T14:38:47+08:00 [dq] [I] [agent.go:56] --heart
2019-01-03T14:38:50+08:00 [dq] [I] [agent.go:56] --heart
2019-01-03T14:38:53+08:00 [dq] [I] [agent.go:56] --heart
2019-01-03T14:38:56+08:00 [dq] [I] [agent.go:56] --heart
2019-01-03T14:38:59+08:00 [dq] [I] [agent.go:56] --heart
2019-01-03T14:39:02+08:00 [dq] [I] [agent.go:56] --heart
2019-01-03T14:39:05+08:00 [dq] [I] [agent.go:56] --heart
2019-01-03T14:39:08+08:00 [dq] [I] [agent.go:56] --heart
2019-01-03T14:39:11+08:00 [dq] [I] [agent.go:56] --heart
2019-01-03T14:39:14+08:00 [dq] [I] [agent.go:56] --heart
2019-01-03T14:39:24+08:00 [dq] [D] [agent.go:37] read message: i/o timeout
2019-01-03T14:39:24+08:00 [dq] [I] [agent.go:119] --un login--:2
2019-01-03T14:39:24+08:00 [dq] [D] [kcp_server.go:136] conn close :10000
2019-01-03T14:39:24+08:00 [dq] [I] [hallAgent.go:64] ----DoDisConnectData uid:2--
